Jun-09 11:29:52.996 [main] DEBUG nextflow.cli.Launcher - $> /home/rike/nextflow run conversion.nf
Jun-09 11:29:53.088 [main] INFO  nextflow.cli.CmdRun - N E X T F L O W  ~  version 0.24.4
Jun-09 11:29:53.095 [main] INFO  nextflow.cli.CmdRun - Launching `conversion.nf` [prickly_ritchie] - revision: cc34bdb57a
Jun-09 11:29:53.105 [main] DEBUG nextflow.config.ConfigBuilder - Found config local: nextflow.config
Jun-09 11:29:53.109 [main] DEBUG nextflow.config.ConfigBuilder - Parsing config file: /home/rike/University/DMQB/dmqp_2017_team_green/examples/nextflow/nextflow.config
Jun-09 11:29:53.406 [main] DEBUG nextflow.config.ConfigBuilder - Setting config profile: 'standard'
Jun-09 11:29:53.465 [main] DEBUG nextflow.Session - Session uuid: 09643b4d-e8a6-4730-941f-430b60b391d3
Jun-09 11:29:53.465 [main] DEBUG nextflow.Session - Run name: prickly_ritchie
Jun-09 11:29:53.467 [main] DEBUG nextflow.Session - Executor pool size: 2
Jun-09 11:29:53.480 [main] DEBUG nextflow.cli.CmdRun - 
  Version: 0.24.4 build 4341
  Modified: 22-05-2017 11:18 UTC (13:18 CEST)
  System: Linux 4.8.0-52-generic
  Runtime: Groovy 2.4.10 on OpenJDK 64-Bit Server VM 1.8.0_131-8u131-b11-0ubuntu1.16.04.2-b11
  Encoding: UTF-8 (UTF-8)
  Process: 19746@dictatorship [127.0.1.1]
  CPUs: 2 - Mem: 3.9 GB (269.2 MB) - Swap: 1,022 MB (1,022 MB)
Jun-09 11:29:53.508 [main] DEBUG nextflow.Session - Work-dir: /home/rike/University/DMQB/dmqp_2017_team_green/examples/nextflow/work [ext2/ext3]
Jun-09 11:29:53.509 [main] DEBUG nextflow.Session - Script base path does not exist or is not a directory: /home/rike/University/DMQB/dmqp_2017_team_green/examples/nextflow/bin
Jun-09 11:29:53.584 [main] DEBUG nextflow.Session - Session start invoked
Jun-09 11:29:53.590 [main] DEBUG nextflow.processor.TaskDispatcher - Dispatcher > start
Jun-09 11:29:53.590 [main] DEBUG nextflow.script.ScriptRunner - > Script parsing
Jun-09 11:29:53.717 [main] DEBUG nextflow.script.ScriptRunner - > Launching execution
Jun-09 11:29:53.724 [main] INFO  nextflow.Nextflow - TSS Workflow  ~  version 0.1
Jun-09 11:29:53.727 [main] INFO  nextflow.Nextflow - =====================================
Jun-09 11:29:53.727 [main] INFO  nextflow.Nextflow - name                   : TSS_workflow
Jun-09 11:29:53.727 [main] INFO  nextflow.Nextflow - output                 : ~/results_tsspredator_workflow
Jun-09 11:29:53.727 [main] INFO  nextflow.Nextflow - config TssPred         : ~/results_tsspredator_workflow/config.conf
Jun-09 11:29:53.727 [main] INFO  nextflow.Nextflow - 

Jun-09 11:29:53.781 [main] DEBUG nextflow.processor.ProcessFactory - << taskConfig executor: null
Jun-09 11:29:53.781 [main] DEBUG nextflow.processor.ProcessFactory - >> processorType: 'local'
Jun-09 11:29:53.786 [main] DEBUG nextflow.executor.Executor - Initializing executor: local
Jun-09 11:29:53.788 [main] INFO  nextflow.executor.Executor - [warm up] executor > local
Jun-09 11:29:53.793 [main] DEBUG n.processor.LocalPollingMonitor - Creating local task monitor for executor 'local' > cpus=2; memory=3.9 GB; capacity=2; pollInterval=100ms; dumpInterval=5m
Jun-09 11:29:53.795 [main] DEBUG nextflow.processor.TaskDispatcher - Starting monitor: LocalPollingMonitor
Jun-09 11:29:53.796 [main] DEBUG n.processor.TaskPollingMonitor - >>> barrier register (monitor: local)
Jun-09 11:29:53.797 [main] DEBUG nextflow.executor.Executor - Invoke register for executor: local
Jun-09 11:29:53.931 [main] DEBUG nextflow.Session - >>> barrier register (process: conversion)
Jun-09 11:29:53.941 [main] DEBUG nextflow.processor.TaskProcessor - Creating operator > conversion -- maxForks: 2
Jun-09 11:29:53.964 [main] DEBUG nextflow.processor.ProcessFactory - << taskConfig executor: null
Jun-09 11:29:53.964 [main] DEBUG nextflow.processor.ProcessFactory - >> processorType: 'local'
Jun-09 11:29:53.964 [main] DEBUG nextflow.executor.Executor - Initializing executor: local
Jun-09 11:29:53.965 [main] DEBUG nextflow.Session - >>> barrier register (process: tsspredator)
Jun-09 11:29:53.971 [main] DEBUG nextflow.processor.TaskProcessor - Creating operator > tsspredator -- maxForks: 2
Jun-09 11:29:53.983 [main] DEBUG nextflow.script.ScriptRunner - > Await termination 
Jun-09 11:29:53.983 [main] DEBUG nextflow.Session - Session await
Jun-09 11:29:54.168 [Actor Thread 1] DEBUG nextflow.processor.TaskProcessor - <conversion> Poison pill arrived
Jun-09 11:29:54.173 [Actor Thread 3] DEBUG nextflow.processor.StateObj - <conversion> State before poison: StateObj[submitted: 1; completed: 0; poisoned: false ]
Jun-09 11:29:54.203 [Actor Thread 2] DEBUG nextflow.processor.TaskProcessor - <tsspredator> Poison pill arrived
Jun-09 11:29:54.204 [Actor Thread 5] DEBUG nextflow.processor.StateObj - <tsspredator> State before poison: StateObj[submitted: 1; completed: 0; poisoned: false ]
Jun-09 11:29:54.292 [Actor Thread 4] INFO  nextflow.Session - [56/632027] Submitted process > conversion
Jun-09 11:29:54.293 [Actor Thread 1] DEBUG nextflow.processor.TaskProcessor - <conversion> After stop
Jun-09 11:29:54.297 [Actor Thread 6] INFO  nextflow.Session - [6b/10c2ec] Submitted process > tsspredator
Jun-09 11:29:54.297 [Actor Thread 2] DEBUG nextflow.processor.TaskProcessor - <tsspredator> After stop
Jun-09 11:29:56.447 [Thread-1] ERROR nextflow.processor.TaskProcessor - Error executing process > 'tsspredator'

Caused by:
  Process `tsspredator` terminated with an error exit status (125)

Command executed:

  docker run -v ~/results_tsspredator_workflow:/data tsspredator

Command exit status:
  125

Command output:
  (empty)

Command error:
  Unable to find image 'tsspredator:latest' locally
  docker: Error response from daemon: repository tsspredator not found: does not exist or no pull access.
  See 'docker run --help'.

Work dir:
  /home/rike/University/DMQB/dmqp_2017_team_green/examples/nextflow/work/6b/10c2ec274b1ca13653f2e073133990

Tip: you can replicate the issue by changing to the process work dir and entering the command `bash .command.run`
Jun-09 11:29:56.449 [Actor Thread 5] DEBUG nextflow.processor.TaskProcessor - <tsspredator> Sending poison pills and terminating process
Jun-09 11:29:56.450 [Actor Thread 5] DEBUG nextflow.Session - <<< barrier arrive (process: tsspredator)
Jun-09 11:29:56.459 [Thread-1] DEBUG nextflow.Session - Session aborted -- Cause: Process `tsspredator` terminated with an error exit status (125)
Jun-09 11:29:56.461 [main] DEBUG nextflow.Session - Session await > all process finished
Jun-09 11:29:56.461 [main] DEBUG nextflow.Session - Session await > all barriers passed
Jun-09 11:29:56.469 [main] WARN  n.processor.TaskPollingMonitor - Killing pending tasks (1)
Jun-09 11:29:56.469 [Thread-1] DEBUG n.processor.TaskPollingMonitor - <<< barrier arrives (monitor: local)
Jun-09 11:29:56.579 [main] DEBUG nextflow.CacheDB - Closing CacheDB done
Jun-09 11:29:56.584 [main] DEBUG nextflow.script.ScriptRunner - > Execution complete -- Goodbye
